TN:
SF:src/modules/appointments/services/CreateAppointmentService.ts
FN:39,__decorate
FN:39,__metadata
FN:39,__param
FN:39,__awaiter
FN:39,adopt
FN:39,fulfilled
FN:39,rejected
FN:39,step
FN:39,__generator
FN:39,sent
FN:39,g.<computed>
FN:39,verb
FN:39,step
FN:39,__importDefault
FN:14,CreateAppointmentService
FN:19,CreateAppointmentService.execute
FNF:16
FNH:14
FNDA:1,__decorate
FNDA:1,__metadata
FNDA:1,__param
FNDA:3,__awaiter
FNDA:5,adopt
FNDA:5,fulfilled
FNDA:0,rejected
FNDA:7,step
FNDA:3,__generator
FNDA:5,sent
FNDA:0,g.<computed>
FNDA:9,verb
FNDA:8,step
FNDA:1,__importDefault
FNDA:2,CreateAppointmentService
FNDA:3,CreateAppointmentService.execute
DA:1,1
DA:2,1
DA:3,1
DA:4,1
DA:5,1
DA:6,1
DA:7,1
DA:8,1
DA:9,1
DA:10,1
DA:11,1
DA:12,1
DA:13,1
DA:14,1
DA:15,2
DA:16,2
DA:17,2
DA:18,1
DA:19,1
DA:20,3
DA:21,3
DA:22,3
DA:23,3
DA:24,3
DA:25,3
DA:26,3
DA:27,1
DA:28,1
DA:29,2
DA:30,2
DA:31,2
DA:32,2
DA:33,2
DA:34,3
DA:35,3
DA:36,3
DA:37,1
DA:38,1
DA:39,1
LF:39
LH:39
BRDA:39,0,0,1
BRDA:39,1,0,1
BRDA:39,2,0,0
BRDA:39,3,0,0
BRDA:39,4,0,0
BRDA:39,5,0,0
BRDA:39,6,0,1
BRDA:39,7,0,1
BRDA:39,8,0,1
BRDA:39,9,0,3
BRDA:39,10,0,5
BRDA:39,11,0,0
BRDA:39,12,0,3
BRDA:39,13,0,5
BRDA:39,14,0,4
BRDA:39,15,0,1
BRDA:39,16,0,7
BRDA:39,17,0,2
BRDA:39,18,0,5
BRDA:39,19,0,3
BRDA:39,20,0,5
BRDA:39,21,0,0
BRDA:39,22,0,9
BRDA:39,23,0,8
BRDA:39,24,0,8
BRDA:39,25,0,0
BRDA:39,26,0,16
BRDA:39,27,0,0
BRDA:39,28,0,0
BRDA:39,29,0,0
BRDA:39,30,0,0
BRDA:39,31,0,8
BRDA:39,32,0,8
BRDA:39,33,0,5
BRDA:39,34,0,0
BRDA:39,35,0,0
BRDA:39,36,0,3
BRDA:39,37,0,0
BRDA:39,38,0,2
BRDA:39,39,0,0
BRDA:39,40,0,0
BRDA:39,41,0,0
BRDA:39,42,0,0
BRDA:39,43,0,8
BRDA:39,44,0,7
BRDA:39,45,0,1
BRDA:39,46,0,8
BRDA:39,47,0,3
BRDA:39,48,0,1
BRDA:39,49,0,2
BRDA:39,50,0,0
BRDA:39,51,0,1
BRDA:39,52,0,0
BRDA:13,53,0,1
BRDA:14,54,0,2
BRDA:19,55,0,3
BRDA:39,56,0,3
BRDA:39,57,0,8
BRDA:39,58,0,3
BRDA:39,59,0,3
BRDA:26,60,0,1
BRDA:28,61,0,2
BRDA:39,62,0,2
BRF:63
BRH:43
end_of_record
TN:
SF:src/modules/users/services/AuthenticateUserService.ts
FN:56,__decorate
FN:56,__metadata
FN:56,__param
FN:56,__awaiter
FN:56,adopt
FN:56,fulfilled
FN:56,rejected
FN:56,step
FN:56,__generator
FN:56,sent
FN:56,g.<computed>
FN:56,verb
FN:56,step
FN:56,__importDefault
FN:21,AuthenticateUserService
FN:26,AuthenticateUserService.execute
FNF:16
FNH:14
FNDA:1,__decorate
FNDA:1,__metadata
FNDA:2,__param
FNDA:3,__awaiter
FNDA:5,adopt
FNDA:5,fulfilled
FNDA:0,rejected
FNDA:6,step
FNDA:3,__generator
FNDA:5,sent
FNDA:0,g.<computed>
FNDA:9,verb
FNDA:8,step
FNDA:2,__importDefault
FNDA:3,AuthenticateUserService
FNDA:3,AuthenticateUserService.execute
DA:1,1
DA:2,1
DA:3,1
DA:4,1
DA:5,1
DA:6,1
DA:7,1
DA:8,1
DA:9,1
DA:10,1
DA:11,1
DA:12,1
DA:13,1
DA:14,1
DA:15,1
DA:16,1
DA:17,1
DA:18,1
DA:19,1
DA:20,1
DA:21,1
DA:22,3
DA:23,3
DA:24,3
DA:25,1
DA:26,1
DA:27,3
DA:28,3
DA:29,3
DA:30,1
DA:31,1
DA:32,2
DA:33,2
DA:34,2
DA:35,2
DA:36,2
DA:37,3
DA:38,3
DA:39,1
DA:40,1
DA:41,1
DA:42,1
DA:43,1
DA:44,1
DA:45,1
DA:46,1
DA:47,1
DA:48,1
DA:49,1
DA:50,1
DA:51,1
DA:52,1
DA:53,3
DA:54,1
DA:55,1
DA:56,1
LF:56
LH:56
BRDA:56,0,0,1
BRDA:56,1,0,1
BRDA:56,2,0,0
BRDA:56,3,0,0
BRDA:56,4,0,0
BRDA:56,5,0,0
BRDA:56,6,0,1
BRDA:56,7,0,2
BRDA:56,8,0,2
BRDA:56,9,0,3
BRDA:56,10,0,5
BRDA:56,11,0,0
BRDA:56,12,0,3
BRDA:56,13,0,5
BRDA:56,14,0,3
BRDA:56,15,0,2
BRDA:56,16,0,6
BRDA:56,17,0,1
BRDA:56,18,0,5
BRDA:56,19,0,3
BRDA:56,20,0,5
BRDA:56,21,0,0
BRDA:56,22,0,9
BRDA:56,23,0,8
BRDA:56,24,0,8
BRDA:56,25,0,0
BRDA:56,26,0,16
BRDA:56,27,0,0
BRDA:56,28,0,0
BRDA:56,29,0,0
BRDA:56,30,0,0
BRDA:56,31,0,8
BRDA:56,32,0,8
BRDA:56,33,0,5
BRDA:56,34,0,0
BRDA:56,35,0,0
BRDA:56,36,0,3
BRDA:56,37,0,0
BRDA:56,38,0,1
BRDA:56,39,0,0
BRDA:56,40,0,0
BRDA:56,41,0,0
BRDA:56,42,0,0
BRDA:56,43,0,8
BRDA:56,44,0,6
BRDA:56,45,0,2
BRDA:56,46,0,8
BRDA:56,47,0,3
BRDA:56,48,0,2
BRDA:56,49,0,1
BRDA:56,50,0,0
BRDA:56,51,0,2
BRDA:56,52,0,0
BRDA:20,53,0,1
BRDA:21,54,0,3
BRDA:26,55,0,3
BRDA:56,56,0,3
BRDA:56,57,0,8
BRDA:27,58,0,3
BRDA:56,59,0,3
BRDA:29,60,0,1
BRDA:31,61,0,2
BRDA:56,62,0,2
BRDA:38,63,0,1
BRF:64
BRH:44
end_of_record
TN:
SF:src/modules/users/services/CreateUserService.ts
FN:38,__decorate
FN:38,__metadata
FN:38,__param
FN:38,__awaiter
FN:38,adopt
FN:38,fulfilled
FN:38,rejected
FN:38,step
FN:38,__generator
FN:38,sent
FN:38,g.<computed>
FN:38,verb
FN:38,step
FN:38,__importDefault
FN:14,CreateUserService
FN:19,CreateUserService.execute
FNF:16
FNH:14
FNDA:2,__decorate
FNDA:2,__metadata
FNDA:4,__param
FNDA:5,__awaiter
FNDA:13,adopt
FNDA:13,fulfilled
FNDA:0,rejected
FNDA:17,step
FNDA:5,__generator
FNDA:13,sent
FNDA:0,g.<computed>
FNDA:15,verb
FNDA:18,step
FNDA:2,__importDefault
FNDA:5,CreateUserService
FNDA:5,CreateUserService.execute
DA:1,1
DA:2,1
DA:3,1
DA:4,1
DA:5,1
DA:6,1
DA:7,1
DA:8,1
DA:9,1
DA:10,1
DA:11,1
DA:12,1
DA:13,2
DA:14,2
DA:15,5
DA:16,5
DA:17,5
DA:18,2
DA:19,2
DA:20,5
DA:21,5
DA:22,5
DA:23,1
DA:24,1
DA:25,4
DA:26,4
DA:27,5
DA:28,5
DA:29,5
DA:30,5
DA:31,5
DA:32,5
DA:33,5
DA:34,5
DA:35,5
DA:36,2
DA:37,1
DA:38,1
LF:38
LH:38
BRDA:38,0,0,2
BRDA:38,1,0,2
BRDA:38,2,0,0
BRDA:38,3,0,0
BRDA:38,4,0,0
BRDA:38,5,0,0
BRDA:38,6,0,2
BRDA:38,7,0,4
BRDA:38,8,0,4
BRDA:38,9,0,5
BRDA:38,10,0,13
BRDA:38,11,0,0
BRDA:38,12,0,5
BRDA:38,13,0,13
BRDA:38,14,0,12
BRDA:38,15,0,1
BRDA:38,16,0,17
BRDA:38,17,0,4
BRDA:38,18,0,13
BRDA:38,19,0,5
BRDA:38,20,0,13
BRDA:38,21,0,0
BRDA:38,22,0,15
BRDA:38,23,0,18
BRDA:38,24,0,18
BRDA:38,25,0,0
BRDA:38,26,0,36
BRDA:38,27,0,0
BRDA:38,28,0,0
BRDA:38,29,0,0
BRDA:38,30,0,0
BRDA:38,31,0,18
BRDA:38,32,0,18
BRDA:38,33,0,13
BRDA:38,34,0,0
BRDA:38,35,0,0
BRDA:38,36,0,5
BRDA:38,37,0,0
BRDA:38,38,0,4
BRDA:38,39,0,0
BRDA:38,40,0,0
BRDA:38,41,0,0
BRDA:38,42,0,0
BRDA:38,43,0,28
BRDA:38,44,0,18
BRDA:38,45,0,17
BRDA:38,46,0,1
BRDA:38,47,0,18
BRDA:38,48,0,5
BRDA:38,49,0,1
BRDA:38,50,0,4
BRDA:38,51,0,0
BRDA:38,52,0,2
BRDA:38,53,0,0
BRDA:13,54,0,2
BRDA:14,55,0,5
BRDA:19,56,0,5
BRDA:38,57,0,5
BRDA:38,58,0,18
BRDA:20,59,0,5
BRDA:38,60,0,5
BRDA:22,61,0,1
BRDA:24,62,0,4
BRDA:38,63,0,4
BRDA:38,64,0,4
BRF:65
BRH:45
end_of_record
TN:
SF:src/modules/users/services/ResetPasswordService.ts
FN:46,__decorate
FN:46,__metadata
FN:46,__param
FN:46,__awaiter
FN:46,adopt
FN:46,fulfilled
FN:46,rejected
FN:46,step
FN:46,__generator
FN:46,sent
FN:46,g.<computed>
FN:46,verb
FN:46,step
FN:46,__importDefault
FN:14,ResetPasswordService
FN:22,ResetPasswordService.execute
FNF:16
FNH:14
FNDA:1,__decorate
FNDA:1,__metadata
FNDA:3,__param
FNDA:4,__awaiter
FNDA:9,adopt
FNDA:9,fulfilled
FNDA:0,rejected
FNDA:10,step
FNDA:4,__generator
FNDA:9,sent
FNDA:0,g.<computed>
FNDA:12,verb
FNDA:13,step
FNDA:1,__importDefault
FNDA:4,ResetPasswordService
FNDA:4,ResetPasswordService.execute
DA:1,1
DA:2,1
DA:3,1
DA:4,1
DA:5,1
DA:6,1
DA:7,1
DA:8,1
DA:9,1
DA:10,1
DA:11,1
DA:12,1
DA:13,1
DA:14,1
DA:15,4
DA:16,4
DA:17,4
DA:18,4
DA:19,4
DA:20,4
DA:21,1
DA:22,1
DA:23,4
DA:24,4
DA:25,1
DA:26,1
DA:27,3
DA:28,3
DA:29,4
DA:30,4
DA:31,1
DA:32,1
DA:33,2
DA:34,2
DA:35,2
DA:36,2
DA:37,4
DA:38,1
DA:39,1
DA:40,1
DA:41,1
DA:42,4
DA:43,4
DA:44,4
DA:45,1
DA:46,1
LF:46
LH:46
BRDA:46,0,0,1
BRDA:46,1,0,1
BRDA:46,2,0,0
BRDA:46,3,0,0
BRDA:46,4,0,0
BRDA:46,5,0,0
BRDA:46,6,0,1
BRDA:46,7,0,3
BRDA:46,8,0,3
BRDA:46,9,0,4
BRDA:46,10,0,9
BRDA:46,11,0,0
BRDA:46,12,0,4
BRDA:46,13,0,9
BRDA:46,14,0,6
BRDA:46,15,0,3
BRDA:46,16,0,10
BRDA:46,17,0,1
BRDA:46,18,0,9
BRDA:46,19,0,4
BRDA:46,20,0,9
BRDA:46,21,0,0
BRDA:46,22,0,12
BRDA:46,23,0,13
BRDA:46,24,0,13
BRDA:46,25,0,0
BRDA:46,26,0,26
BRDA:46,27,0,0
BRDA:46,28,0,0
BRDA:46,29,0,0
BRDA:46,30,0,0
BRDA:46,31,0,13
BRDA:46,32,0,13
BRDA:46,33,0,9
BRDA:46,34,0,0
BRDA:46,35,0,0
BRDA:46,36,0,4
BRDA:46,37,0,0
BRDA:46,38,0,1
BRDA:46,39,0,0
BRDA:46,40,0,0
BRDA:46,41,0,0
BRDA:46,42,0,0
BRDA:46,43,0,13
BRDA:46,44,0,10
BRDA:46,45,0,3
BRDA:46,46,0,13
BRDA:46,47,0,4
BRDA:46,48,0,3
BRDA:46,49,0,1
BRDA:46,50,0,0
BRDA:46,51,0,1
BRDA:46,52,0,0
BRDA:13,53,0,1
BRDA:14,54,0,4
BRDA:22,55,0,4
BRDA:46,56,0,4
BRDA:46,57,0,13
BRDA:23,58,0,4
BRDA:46,59,0,4
BRDA:24,60,0,1
BRDA:26,61,0,3
BRDA:46,62,0,3
BRDA:30,63,0,1
BRDA:32,64,0,2
BRDA:37,65,0,1
BRDA:46,66,0,1
BRDA:46,67,0,1
BRF:68
BRH:48
end_of_record
TN:
SF:src/modules/users/services/SendForgotPasswordEmailService.ts
FN:52,__decorate
FN:52,__metadata
FN:52,__param
FN:52,__awaiter
FN:52,adopt
FN:52,fulfilled
FN:52,rejected
FN:52,step
FN:52,__generator
FN:52,sent
FN:52,g.<computed>
FN:52,verb
FN:52,step
FN:52,__importDefault
FN:15,SendForgotPasswordEmailService
FN:22,SendForgotPasswordEmailService.execute
FNF:16
FNH:14
FNDA:1,__decorate
FNDA:1,__metadata
FNDA:3,__param
FNDA:3,__awaiter
FNDA:7,adopt
FNDA:7,fulfilled
FNDA:0,rejected
FNDA:9,step
FNDA:3,__generator
FNDA:7,sent
FNDA:0,g.<computed>
FNDA:9,verb
FNDA:10,step
FNDA:2,__importDefault
FNDA:3,SendForgotPasswordEmailService
FNDA:3,SendForgotPasswordEmailService.execute
DA:1,1
DA:2,1
DA:3,1
DA:4,1
DA:5,1
DA:6,1
DA:7,1
DA:8,1
DA:9,1
DA:10,1
DA:11,1
DA:12,1
DA:13,1
DA:14,1
DA:15,1
DA:16,3
DA:17,3
DA:18,3
DA:19,3
DA:20,3
DA:21,1
DA:22,1
DA:23,3
DA:24,3
DA:25,3
DA:26,1
DA:27,1
DA:28,2
DA:29,2
DA:30,3
DA:31,3
DA:32,3
DA:33,3
DA:34,3
DA:35,3
DA:36,3
DA:37,3
DA:38,3
DA:39,3
DA:40,3
DA:41,3
DA:42,3
DA:43,3
DA:44,3
DA:45,3
DA:46,3
DA:47,3
DA:48,3
DA:49,3
DA:50,3
DA:51,1
DA:52,1
LF:52
LH:52
BRDA:52,0,0,1
BRDA:52,1,0,1
BRDA:52,2,0,0
BRDA:52,3,0,0
BRDA:52,4,0,0
BRDA:52,5,0,0
BRDA:52,6,0,1
BRDA:52,7,0,3
BRDA:52,8,0,3
BRDA:52,9,0,3
BRDA:52,10,0,7
BRDA:52,11,0,0
BRDA:52,12,0,3
BRDA:52,13,0,7
BRDA:52,14,0,6
BRDA:52,15,0,1
BRDA:52,16,0,9
BRDA:52,17,0,2
BRDA:52,18,0,7
BRDA:52,19,0,3
BRDA:52,20,0,7
BRDA:52,21,0,0
BRDA:52,22,0,9
BRDA:52,23,0,10
BRDA:52,24,0,10
BRDA:52,25,0,0
BRDA:52,26,0,20
BRDA:52,27,0,0
BRDA:52,28,0,0
BRDA:52,29,0,0
BRDA:52,30,0,0
BRDA:52,31,0,10
BRDA:52,32,0,10
BRDA:52,33,0,7
BRDA:52,34,0,0
BRDA:52,35,0,0
BRDA:52,36,0,3
BRDA:52,37,0,0
BRDA:52,38,0,2
BRDA:52,39,0,0
BRDA:52,40,0,0
BRDA:52,41,0,0
BRDA:52,42,0,0
BRDA:52,43,0,10
BRDA:52,44,0,9
BRDA:52,45,0,1
BRDA:52,46,0,10
BRDA:52,47,0,3
BRDA:52,48,0,1
BRDA:52,49,0,2
BRDA:52,50,0,0
BRDA:52,51,0,2
BRDA:52,52,0,1
BRDA:52,53,0,1
BRDA:14,54,0,1
BRDA:15,55,0,3
BRDA:22,56,0,3
BRDA:52,57,0,3
BRDA:52,58,0,10
BRDA:23,59,0,3
BRDA:52,60,0,3
BRDA:25,61,0,1
BRDA:27,62,0,2
BRDA:52,63,0,2
BRDA:52,64,0,2
BRF:65
BRH:46
end_of_record
TN:
SF:src/modules/users/services/UpdateUserAvatarService.ts
FN:46,__decorate
FN:46,__metadata
FN:46,__param
FN:46,__awaiter
FN:46,adopt
FN:46,fulfilled
FN:46,rejected
FN:46,step
FN:46,__generator
FN:46,sent
FN:46,g.<computed>
FN:46,verb
FN:46,step
FN:46,__importDefault
FN:17,UpdateUserAvatarService
FN:22,UpdateUserAvatarService.execute
FNF:16
FNH:14
FNDA:1,__decorate
FNDA:1,__metadata
FNDA:2,__param
FNDA:4,__awaiter
FNDA:11,adopt
FNDA:11,fulfilled
FNDA:0,rejected
FNDA:14,step
FNDA:4,__generator
FNDA:11,sent
FNDA:0,g.<computed>
FNDA:12,verb
FNDA:15,step
FNDA:1,__importDefault
FNDA:3,UpdateUserAvatarService
FNDA:4,UpdateUserAvatarService.execute
DA:1,1
DA:2,1
DA:3,1
DA:4,1
DA:5,1
DA:6,1
DA:7,1
DA:8,1
DA:9,1
DA:10,1
DA:11,1
DA:12,1
DA:13,1
DA:14,1
DA:15,1
DA:16,1
DA:17,1
DA:18,3
DA:19,3
DA:20,3
DA:21,1
DA:22,1
DA:23,4
DA:24,4
DA:25,4
DA:26,1
DA:27,1
DA:28,1
DA:29,1
DA:30,1
DA:31,3
DA:32,3
DA:33,1
DA:34,4
DA:35,4
DA:36,4
DA:37,4
DA:38,4
DA:39,4
DA:40,4
DA:41,4
DA:42,4
DA:43,4
DA:44,1
DA:45,1
DA:46,1
LF:46
LH:46
BRDA:46,0,0,1
BRDA:46,1,0,1
BRDA:46,2,0,0
BRDA:46,3,0,0
BRDA:46,4,0,0
BRDA:46,5,0,0
BRDA:46,6,0,1
BRDA:46,7,0,2
BRDA:46,8,0,2
BRDA:46,9,0,4
BRDA:46,10,0,11
BRDA:46,11,0,0
BRDA:46,12,0,4
BRDA:46,13,0,11
BRDA:46,14,0,10
BRDA:46,15,0,1
BRDA:46,16,0,14
BRDA:46,17,0,3
BRDA:46,18,0,11
BRDA:46,19,0,4
BRDA:46,20,0,11
BRDA:46,21,0,0
BRDA:46,22,0,12
BRDA:46,23,0,15
BRDA:46,24,0,15
BRDA:46,25,0,0
BRDA:46,26,0,32
BRDA:46,27,0,0
BRDA:46,28,0,0
BRDA:46,29,0,0
BRDA:46,30,0,0
BRDA:46,31,0,15
BRDA:46,32,0,15
BRDA:46,33,0,11
BRDA:46,34,0,0
BRDA:46,35,0,0
BRDA:46,36,0,6
BRDA:46,37,0,0
BRDA:46,38,0,5
BRDA:46,39,0,4
BRDA:46,40,0,2
BRDA:46,41,0,0
BRDA:46,42,0,2
BRDA:46,43,0,0
BRDA:46,44,0,0
BRDA:46,45,0,0
BRDA:46,46,0,17
BRDA:46,47,0,16
BRDA:46,48,0,1
BRDA:46,49,0,17
BRDA:46,50,0,4
BRDA:46,51,0,1
BRDA:46,52,0,3
BRDA:46,53,0,0
BRDA:46,54,0,1
BRDA:46,55,0,0
BRDA:16,56,0,1
BRDA:17,57,0,3
BRDA:22,58,0,4
BRDA:46,59,0,4
BRDA:46,60,0,17
BRDA:23,61,0,4
BRDA:46,62,0,4
BRDA:25,63,0,1
BRDA:30,64,0,3
BRDA:32,65,0,2
BRDA:32,66,0,1
BRDA:46,67,0,1
BRDA:36,68,0,3
BRDA:46,69,0,3
BRDA:46,70,0,3
BRF:71
BRH:51
end_of_record
